Sencha Cmd 7.8.0.59 - Crash report
================================================
An error occurred while executing the following command: app upgrade

Diagnostic information:
=======================
                         app.archivePath : archive                                           
                      app.bootstrap.base : /Users/apple/KD/touch/touch_tdym/oa               
                           app.build.dir : ${workspace.build.dir}/oa                         
app.builds.native.cordova.config.deviceType : iPad                                              
     app.builds.native.cordova.config.id : com.kangdainfo.oa                                 
   app.builds.native.cordova.config.name : oa                                                
app.builds.native.cordova.config.platforms : ios                                               
              app.builds.native.packager : cordova                                           
                  app.builds.web.default : true                                              
                        app.cache.deltas : deltas                                            
                        app.cache.enable : false                                             
                           app.classpath : /Users/apple/KD/touch/touch_tdym/oa/app.js,/Users/apple/KD/touch/touch_tdym/oa/app
                         app.cmd.version : 6.1.0.65                                          
                          app.config.dir : /Users/apple/KD/touch/touch_tdym/oa/.sencha/app   
                   app.cordova.config.id : com.domain.oa                                     
                 app.cordova.config.name : oa                                                
                 app.cordova.config.path : /Users/apple/KD/touch/touch_tdym/oa/cordova       
               app.cordova.config.target :                                                   
              app.cordova.config.verbose : false                                             
                   app.cordova.js.0.path : cordova.js                                        
               app.cordova.js.0.priority : 1000                                              
                 app.cordova.js.0.remote : true                                              
                   app.cordova.js.length : 1                                                 
                 app.cordova.microloader : /Users/apple/KD/touch/touch_tdym/oa/.sencha/app/microloader/testing.js
                 app.cordova.output.base : /Users/apple/KD/touch/touch_tdym/oa/cordova/www   
         app.cordova.output.cache.enable : false                                             
        app.cordova.output.deltas.enable : false                                             
       app.cordova.output.manifest.embed : true                                              
                                 app.dir : /Users/apple/KD/touch/touch_tdym/oa               
                           app.framework : touch                                             
                   app.framework.version : 2.4.2.571                                         
                                  app.id : fd251b31-c436-4458-b377-4bc0cc0cf101              
                       app.indexHtmlPath : index.html                                        
                        app.loader.cache : ${build.timestamp}                                
                   app.loader.cacheParam : _dc                                               
                                app.name : oa                                                
                         app.output.base : ${workspace.build.dir}/${build.environment}/oa    
           app.output.microloader.enable : true                                              
                  app.phonegap.config.id : com.domain.oa                                     
                app.phonegap.config.name : oa                                                
                app.phonegap.config.path : /Users/apple/KD/touch/touch_tdym/oa/phonegap      
              app.phonegap.config.remote : false                                             
             app.phonegap.config.verbose : false                                             
                  app.phonegap.js.0.path : phonegap.js                                       
              app.phonegap.js.0.priority : 1000                                              
                app.phonegap.js.0.remote : true                                              
                  app.phonegap.js.length : 1                                                 
                app.phonegap.microloader : /Users/apple/KD/touch/touch_tdym/oa/.sencha/app/microloader/testing.js
                app.phonegap.output.base : /Users/apple/KD/touch/touch_tdym/oa/phonegap/www  
        app.phonegap.output.cache.enable : false                                             
       app.phonegap.output.deltas.enable : false                                             
      app.phonegap.output.manifest.embed : true                                              
                      app.resource.paths :                                                   
        app.slicer.js.0.isWidgetManifest : true                                              
                    app.slicer.js.0.path : /Users/apple/KD/touch/touch_tdym/oa/sass/example/custom.js
                    app.slicer.js.length : 1                                                 
                                 app.url : null                                              
                    buildenvironment.dir : /Users/apple/KD/touch/touch_tdym/oa               
               buildenvironment.load.dir : /Users/apple/KD/touch/touch_tdym/oa/app           
                          cmd.config.dir : /Users/apple/bin/Sencha/Cmd/7.8.0.59              
                                 cmd.dir : /Users/apple/bin/Sencha/Cmd/7.8.0.59              
              cmd.merge.tool.args.araxis : -wait -merge -3 -a1 {base} {user} {generated} {out}
              cmd.merge.tool.args.kdiff3 : {base} {user} {generated} -o {out}                
             cmd.merge.tool.args.p4merge : {base} {user} {generated} {out}                   
           cmd.merge.tool.args.smartsync : {user} {generated} {base}                         
          cmd.merge.tool.args.sourcegear : --merge --result={out} {user} {base} {generated}  
            cmd.merge.tool.args.tortoise : -base:{base} -theirs:{generated} -mine:{user} -merged:{out}
                              cmd.minver : 3.0.0.0                                           
                            cmd.platform : osx                                               
                     cmd.unicode.escapes : /Users/apple/bin/Sencha/Cmd/7.8.0.59/unicode-escapes.json
                             cmd.version : 7.8.0.59                                          
                            cmd.web.port : 1841                                              
                       inspector.address : http://localhost:1839/                            
                          repo.local.dir : /Users/apple/bin/Sencha/Cmd/repo                  
                       shared.sencha.dir : false                                             
        system.java.net.useSystemProxies : true                                              

Exception information:
=======================
java.lang.NullPointerException
     at com.sencha.command.app.AppCommands$UpgradeCommand.execute(AppCommands.java:1072)
     at sun.reflect.NativeMethodAccessorImpl.invoke0(Native Method)
     at sun.reflect.NativeMethodAccessorImpl.invoke(NativeMethodAccessorImpl.java:62)
     at sun.reflect.DelegatingMethodAccessorImpl.invoke(DelegatingMethodAccessorImpl.java:43)
     at java.lang.reflect.Method.invoke(Method.java:498)
     at com.sencha.util.MethodInvoker$Arguments.invoke(MethodInvoker.java:175)
     at com.sencha.cli.Command.dispatch(Command.java:43)
     at com.sencha.command.BasePluginCommands$BasePluginCommand.dispatch(BasePluginCommands.java:289)
     at com.sencha.cli.Commands.dispatch(Commands.java:64)
     at com.sencha.cli.Commands.dispatch(Commands.java:64)
     at com.sencha.command.Sencha.dispatch(Sencha.java:80)
     at com.sencha.command.Sencha.main(Sencha.java:156)
     at sun.reflect.NativeMethodAccessorImpl.invoke0(Native Method)
     at sun.reflect.NativeMethodAccessorImpl.invoke(NativeMethodAccessorImpl.java:62)
     at sun.reflect.DelegatingMethodAccessorImpl.invoke(DelegatingMethodAccessorImpl.java:43)
     at java.lang.reflect.Method.invoke(Method.java:498)
     at com.exe4j.runtime.LauncherEngine.launch(LauncherEngine.java:84)
     at com.install4j.runtime.launcher.UnixLauncher.start(UnixLauncher.java:71)
     at install4j.com.sencha.command.Sencha.main(Unknown Source)

